<?xml version="1.0" encoding="UTF-8"?>
<testsuite xmlns:xsi="http://www.w3.org/2001/XMLSchema-instance" xsi:noNamespaceSchemaLocation="https://maven.apache.org/surefire/maven-surefire-plugin/xsd/surefire-test-report-3.0.xsd" version="3.0" name="controller.GameControllerTest" time="0.566" tests="11" errors="0" skipped="0" failures="4">
  <properties>
[...]
</properties>
  <testcase name="testCreateChoice_Rock" classname="controller.GameControllerTest" time="0.494"/>
  <testcase name="testGetRoundsPlayed" classname="controller.GameControllerTest" time="0.008"/>
  <testcase name="testProcessRound_GameOver" classname="controller.GameControllerTest" time="0.015"/>
  <testcase name="testGetComputerScore" classname="controller.GameControllerTest" time="0.001"/>
  <testcase name="testCreateChoice_Scissors" classname="controller.GameControllerTest" time="0.002"/>
  <testcase name="testCreateChoice_Paper" classname="controller.GameControllerTest" time="0.002"/>
  <testcase name="testProcessRound_UserWins" classname="controller.GameControllerTest" time="0.004">
    <failure type="org.opentest4j.AssertionFailedError"><![CDATA[org.opentest4j.AssertionFailedError: expected: <true> but was: <false>
	at controller.GameControllerTest.testProcessRound_UserWins(GameControllerTest.java:71)
]]></failure>
  </testcase>
  <testcase name="testGetUserScore" classname="controller.GameControllerTest" time="0.001">
    <failure type="org.opentest4j.AssertionFailedError"><![CDATA[org.opentest4j.AssertionFailedError: expected: <1> but was: <0>
	at controller.GameControllerTest.testGetUserScore(GameControllerTest.java:48)
]]></failure>
  </testcase>
  <testcase name="testCreateChoice_InvalidChoice" classname="controller.GameControllerTest" time="0.001"/>
  <testcase name="testProcessRound_Draw" classname="controller.GameControllerTest" time="0.001">
    <failure type="org.opentest4j.AssertionFailedError"><![CDATA[org.opentest4j.AssertionFailedError: expected: <true> but was: <false>
	at controller.GameControllerTest.testProcessRound_Draw(GameControllerTest.java:92)
]]></failure>
  </testcase>
  <testcase name="testProcessRound_ComputerWins" classname="controller.GameControllerTest" time="0.002">
    <failure type="org.opentest4j.AssertionFailedError"><![CDATA[org.opentest4j.AssertionFailedError: expected: <true> but was: <false>
	at controller.GameControllerTest.testProcessRound_ComputerWins(GameControllerTest.java:81)
]]></failure>
  </testcase>
</testsuite>